<?xml version="1.0" encoding="UTF-8"?>
<!-- Generated by org.testng.reporters.JUnitXMLReporter -->
<testsuite hostname="Tuntun-PC" ignored="0" name="Test" tests="2" failures="1" timestamp="23 May 2019 08:46:03 GMT" time="61.716" errors="0">
  <testcase name="main" time="4.977" classname="ze.page1test"/>
  <testcase name="main" time="10.81" classname="ze.page2test">
    <failure type="java.lang.AssertionError" message="expected [Google2] but found [Google]">
      <![CDATA[java.lang.AssertionError: expected [Google2] but found [Google]
at ze.page2test.main(page2test.java:29)
... Removed 31 stack frames]]>
    </failure>
  </testcase> <!-- main -->
</testsuite> <!-- Test -->
